<?xml version="1.0" encoding="UTF-8"?>
<!-- Generated by org.testng.reporters.JUnitReportReporter -->
<testsuite name="vghjk.RESTAPITest" tests="2" time="0.008" ignored="0" failures="0" timestamp="01 авг 2019 15:35:28 GMT" skipped="0" hostname="zhyhyr" errors="0">
  <testcase name="postJira" time="0.001" classname="vghjk.RESTAPITest"/>
  <testcase name="deleteTwitter" time="0.007" classname="vghjk.RESTAPITest"/>
</testsuite> <!-- vghjk.RESTAPITest -->
