<?xml version="1.0" encoding="UTF-8"?>
<!-- Generated by org.testng.reporters.JUnitReportReporter -->
<testsuite name="vghjk.SeleniumTest" tests="2" time="0.012" ignored="0" failures="0" timestamp="01 авг 2019 15:35:28 GMT" skipped="0" hostname="zhyhyr" errors="0">
  <testcase name="BrowserAUtomation" time="0.010" classname="vghjk.SeleniumTest"/>
  <testcase name="elementsUi" time="0.002" classname="vghjk.SeleniumTest"/>
</testsuite> <!-- vghjk.SeleniumTest -->
