<?xml version="1.0" encoding="UTF-8"?>
<!-- Generated by org.testng.reporters.JUnitReportReporter -->
<testsuite name="vghjk.AppiumTest" tests="2" time="0.047" ignored="0" failures="0" timestamp="01 авг 2019 15:35:28 GMT" skipped="0" hostname="zhyhyr" errors="0">
  <testcase name="NativeAPpAndroid" time="0.003" classname="vghjk.AppiumTest"/>
  <testcase name="IOSApps" time="0.044" classname="vghjk.AppiumTest"/>
</testsuite> <!-- vghjk.AppiumTest -->
